<?xml version="1.0" encoding="UTF-8"?>
<!-- Generated by org.testng.reporters.JUnitReportReporter -->
<testsuite hostname="meena" failures="0" tests="4" name="com.greens.main.SecondClass" time="0.157" errors="0" timestamp="2022-04-17T13:46:07 IST" skipped="0">
  <testcase classname="com.greens.main.SecondClass" name="def" time="0.132"/>
  <system-out/>
  <testcase classname="com.greens.main.SecondClass" name="xyz" time="0.010"/>
  <system-out/>
  <testcase classname="com.greens.main.SecondClass" name="xyz" time="0.009"/>
  <system-out/>
  <testcase classname="com.greens.main.SecondClass" name="abc" time="0.006"/>
  <system-out/>
</testsuite> <!-- com.greens.main.SecondClass -->
